Diagnose log at 2025-01-22T09:32:43Z

AppPath: C:\Program Files\Git\mingw64\bin\git-credential-manager.exe
InstallDir: C:\Program Files\Git\mingw64\bin\
Version: 2.5.1+90d5f897f164a8fe07d2aa3bf7db439b0b4e03ea

------------
Diagnostic: Environment
Skipped: False
Success: True
Exception: None
Log:
OSType: Windows
OSVersion: 10.0 (build 26100)
Reading environment variables... OK
 Variables:
HOMEPATH=\Users\Lenovo
DriverData=C:\Windows\System32\Drivers\DriverData
COMPUTERNAME=DESKTOP-951LOTD
GIT_TRACE2_PARENT_SID=13a1348d-9673-4fd8-becc-08760ceea7aa
CommonProgramFiles(x86)=C:\Program Files (x86)\Common Files
OneDrive=C:\Users\Lenovo\OneDrive
SESSIONNAME=Console
LANG=en_US.UTF-8
TMP=C:\Users\Lenovo\AppData\Local\Temp
PROCESSOR_REVISION=7e05
PATHEXT=.COM;.EXE;.BAT;.CMD;.VBS;.VBE;.JS;.JSE;.WSF;.WSH;.MSC;.CPL
C:\Program Files\MongoDB\Server\8.0.4\bin=C:\Program Files\MongoDB\Server\8.0.4\bin
EFC_8504=1
GIT_ASKPASS=c:\Users\Lenovo\AppData\Local\Programs\cursor\resources\app\extensions\git\dist\askpass.sh
GIT_EXEC_PATH=C:/Program Files/Git/mingw64/libexec/git-core
TEMP=C:\Users\Lenovo\AppData\Local\Temp
LOCALAPPDATA=C:\Users\Lenovo\AppData\Local
MSYSTEM=MINGW64
TERM=xterm-256color
CURSOR_TRACE_ID=88d50d6dabd54081a372f8ef6b79fab1
ProgramW6432=C:\Program Files
windir=C:\WINDOWS
USERDOMAIN=DESKTOP-951LOTD
ProgramFiles(x86)=C:\Program Files (x86)
Path=C:/Program Files/Git/mingw64/libexec/git-core;C:\Program Files\Git\mingw64\bin;C:\Program Files\Git\usr\bin;C:\Users\Lenovo\bin;C:\Program Files\Eclipse Adoptium\jdk-21.0.4.7-hotspot\bin;C:\WINDOWS\system32;C:\WINDOWS;C:\WINDOWS\System32\Wbem;C:\WINDOWS\System32\WindowsPowerShell\v1.0\;C:\WINDOWS\System32\OpenSSH\;C:\Program Files\nodejs\;C:\Program Files\Amazon\AWSCLIV2\;C:\Program Files\Git\cmd;C:\Program Files\Git\bin;C:\Program Files\MongoDB\Server\8.0\bin;C:\Program Files\MongoDB\mongosh-2.3.7\bin;C:\Program Files\MongoDB\Tools\mongodb-database-tools-windows-x86_64-100.10.0\bin;C:\Users\Lenovo\AppData\Local\Programs\Python\Launcher\;C:\Users\Lenovo\AppData\Local\Programs\Python\Python312\Scripts\;C:\Users\Lenovo\AppData\Local\Programs\Python\Python312\;C:\Users\Lenovo\AppData\Local\Microsoft\WindowsApps;C:\Users\Lenovo\AppData\Local\Programs\Microsoft VS Code\bin;C:\Users\Lenovo\AppData\Roaming\npm;C:\Users\Lenovo\AppData\Local\GitHubDesktop\bin;C:\Users\Lenovo\AppData\Local\Programs\mongosh\
TERM_PROGRAM=vscode
PROCESSOR_LEVEL=6
PROCESSOR_IDENTIFIER=Intel64 Family 6 Model 126 Stepping 5, GenuineIntel
TMPDIR=C:\Users\Lenovo\AppData\Local\Temp
VSCODE_GIT_ASKPASS_EXTRA_ARGS=
TERM_PROGRAM_VERSION=0.44.11
VSCODE_GIT_ASKPASS_MAIN=c:\Users\Lenovo\AppData\Local\Programs\cursor\resources\app\extensions\git\dist\askpass-main.js
PSModulePath=C:\Users\Lenovo\OneDrive\Documents\WindowsPowerShell\Modules;C:\Program Files\WindowsPowerShell\Modules;C:\WINDOWS\system32\WindowsPowerShell\v1.0\Modules
PUBLIC=C:\Users\Public
NUMBER_OF_PROCESSORS=8
FPS_BROWSER_USER_PROFILE_STRING=Default
CommonProgramFiles=C:\Program Files (x86)\Common Files
VSCODE_INJECTION=1
VSCODE_GIT_IPC_HANDLE=\\.\pipe\vscode-git-08abd0a63d-sock
CHROME_CRASHPAD_PIPE_NAME=\\.\pipe\crashpad_3900_BISECELJZNIXEYAF
PLINK_PROTOCOL=ssh
ProgramData=C:\ProgramData
MSYS=disable_pcon
ProgramFiles=C:\Program Files (x86)
VSCODE_GIT_ASKPASS_NODE=C:\Users\Lenovo\AppData\Local\Programs\cursor\Cursor.exe
SystemRoot=C:\WINDOWS
ORIGINAL_XDG_CURRENT_DESKTOP=undefined
HOME=C:\Users\Lenovo
CommonProgramW6432=C:\Program Files\Common Files
ZES_ENABLE_SYSMAN=1
LOGONSERVER=\\DESKTOP-951LOTD
USERPROFILE=C:\Users\Lenovo
COLORTERM=truecolor
USERDOMAIN_ROAMINGPROFILE=DESKTOP-951LOTD
APPDATA=C:\Users\Lenovo\AppData\Roaming
HOMEDRIVE=C:
USERNAME=Lenovo
PROCESSOR_ARCHITEW6432=AMD64
FPS_BROWSER_APP_PROFILE_STRING=Internet Explorer
PROCESSOR_ARCHITECTURE=x86
OS=Windows_NT
ComSpec=C:\WINDOWS\system32\cmd.exe
SystemDrive=C:
PT8HOME=C:\Program Files\Cisco Packet Tracer 8.2.2
OneDriveConsumer=C:\Users\Lenovo\OneDrive
ALLUSERSPROFILE=C:\ProgramData


------------
Diagnostic: File system
Skipped: False
Success: True
Exception: None
Log:
Temporary directory is 'C:\Users\Lenovo\AppData\Local\Temp\'...
Checking basic file I/O...
Writing to temporary file 'C:\Users\Lenovo\AppData\Local\Temp\d9144b139208403cb99c78cc'... OK
Reading from temporary file 'C:\Users\Lenovo\AppData\Local\Temp\d9144b139208403cb99c78cc'... OK
Deleting temporary file 'C:\Users\Lenovo\AppData\Local\Temp\d9144b139208403cb99c78cc'... OK
Testing IFileSystem instance...
UserHomePath: C:\Users\Lenovo
UserDataDirectoryPath: C:\Users\Lenovo\.gcm
GetCurrentDirectory(): D:\majorcollectin\my-project61\my-project6

------------
Diagnostic: Networking
Skipped: False
Success: True
Exception: None
Log:
Checking networking and HTTP stack...
Creating HTTP client... OK
IsNetworkAvailable: True
Sending HEAD request to http://example.com...Sending HEAD request to https://example.com... OK
Acquiring free TCP port... OK
Testing local HTTP loopback connections...
Creating new HTTP listener for http://localhost:57760/... OK
Waiting for loopback connection... OK
Writing response... OK
Waiting for response data... OK
Loopback connection data OK

------------
Diagnostic: Git
Skipped: False
Success: True
Exception: None
Log:
Getting Git version... OK
Git version is '2.46.0.windows.1'
Locating current repository...Git repository at 'D:/majorcollectin/my-project61/my-project6/.git'
 OK
Listing all Git configuration... OK
Git configuration:
file:C:/Program Files/Git/etc/gitconfig	diff.astextplain.textconv=astextplain
file:C:/Program Files/Git/etc/gitconfig	filter.lfs.clean=git-lfs clean -- %f
file:C:/Program Files/Git/etc/gitconfig	filter.lfs.smudge=git-lfs smudge -- %f
file:C:/Program Files/Git/etc/gitconfig	filter.lfs.process=git-lfs filter-process
file:C:/Program Files/Git/etc/gitconfig	filter.lfs.required=true
file:C:/Program Files/Git/etc/gitconfig	http.sslbackend=openssl
file:C:/Program Files/Git/etc/gitconfig	http.sslcainfo=C:/Program Files/Git/mingw64/etc/ssl/certs/ca-bundle.crt
file:C:/Program Files/Git/etc/gitconfig	core.autocrlf=true
file:C:/Program Files/Git/etc/gitconfig	core.fscache=true
file:C:/Program Files/Git/etc/gitconfig	core.symlinks=false
file:C:/Program Files/Git/etc/gitconfig	pull.rebase=false
file:C:/Program Files/Git/etc/gitconfig	credential.helper=manager
file:C:/Program Files/Git/etc/gitconfig	credential.https://dev.azure.com.usehttppath=true
file:C:/Program Files/Git/etc/gitconfig	init.defaultbranch=master
file:C:/Users/Lenovo/.gitconfig	user.name=Mohit Bari
file:C:/Users/Lenovo/.gitconfig	user.email=mohitbari8@gmail.com
file:C:/Users/Lenovo/.gitconfig	filter.lfs.process=git-lfs filter-process
file:C:/Users/Lenovo/.gitconfig	filter.lfs.required=true
file:C:/Users/Lenovo/.gitconfig	filter.lfs.clean=git-lfs clean -- %f
file:C:/Users/Lenovo/.gitconfig	filter.lfs.smudge=git-lfs smudge -- %f
file:C:/Users/Lenovo/.gitconfig	credential.helper=
file:C:/Users/Lenovo/.gitconfig	credential.helper=C:/Program\ Files/Git/mingw64/bin/git-credential-manager.exe
file:.git/config	core.repositoryformatversion=0
file:.git/config	core.filemode=false
file:.git/config	core.bare=false
file:.git/config	core.logallrefupdates=true
file:.git/config	core.symlinks=false
file:.git/config	core.ignorecase=true
file:.git/config	remote.origin.url=git@github.com:mohitb777/conference-scheduler.git
file:.git/config	remote.origin.fetch=+refs/heads/*:refs/remotes/origin/*


------------
Diagnostic: Credential storage
Skipped: False
Success: True
Exception: None
Log:
ICredentialStore instance is of type: CredentialStore
Writing test credential... OK
Reading test credential... OK
Deleting test credential... OK

------------
Diagnostic: Microsoft authentication (AAD/MSA)
Skipped: False
Success: True
Exception: None
Log:
Broker is not enabled.
Flow type is: Auto
Gathering MSAL token cache data... OK
CacheDirectory: C:\Users\Lenovo\AppData\Local\.IdentityService
CacheFileName: msal.cache
CacheFilePath: C:\Users\Lenovo\AppData\Local\.IdentityService\msal.cache
Creating cache helper... OK
Verifying MSAL token cache persistence... OK

